<?xml version="1.0" encoding="UTF-8"?>
<testng-results ignored="0" total="1" passed="1" failed="0" skipped="0">
  <reporter-output>
  </reporter-output>
  <suite started-at="2021-04-20T18:45:31 CDT" name="Suite" finished-at="2021-04-20T18:46:54 CDT" duration-ms="82758">
    <groups>
    </groups>
    <test started-at="2021-04-20T18:45:31 CDT" name="Test" finished-at="2021-04-20T18:46:54 CDT" duration-ms="82758">
      <class name="Test.Login">
        <test-method signature="MLogin()[pri:0, instance:Test.Login@716a7124]" started-at="2021-04-20T18:45:31 CDT" name="MLogin" finished-at="2021-04-20T18:46:54 CDT" duration-ms="82721" status="PASS">
          <reporter-output>
          </reporter-output>
        </test-method> <!-- MLogin -->
      </class> <!-- Test.Login -->
    </test> <!-- Test -->
  </suite> <!-- Suite -->
</testng-results>
